<?xml version="1.0" encoding="UTF-8"?>
<!-- Generated by org.testng.reporters.JUnitXMLReporter -->
<testsuite ignored="0" hostname="DESKTOP-I62NE16" failures="1" tests="2" name="Default test" time="0.876" errors="0" timestamp="2025-08-20T15:17:17 IST">
  <testcase classname="io.cucumber.testng.AbstractTestNGCucumberTests" name="runScenario" time="0.55"/>
  <testcase classname="io.cucumber.testng.AbstractTestNGCucumberTests" name="runScenario" time="0.032">
    <failure type="org.springframework.web.client.HttpClientErrorException$NotFound" message="404  on GET request for &amp;quot;http://localhost:8081/product&amp;quot;: &amp;quot;No products available&amp;quot;">
      <![CDATA[org.springframework.web.client.HttpClientErrorException$NotFound: 404  on GET request for "http://localhost:8081/product": "No products available"
at org.springframework.web.client.HttpClientErrorException.create(HttpClientErrorException.java:112)
at org.springframework.web.client.DefaultResponseErrorHandler.handleError(DefaultResponseErrorHandler.java:186)
at org.springframework.web.client.DefaultResponseErrorHandler.handleError(DefaultResponseErrorHandler.java:147)
at org.springframework.web.client.RestTemplate.handleResponse(RestTemplate.java:953)
at org.springframework.web.client.RestTemplate.doExecute(RestTemplate.java:902)
at org.springframework.web.client.RestTemplate.execute(RestTemplate.java:801)
at org.springframework.web.client.RestTemplate.getForEntity(RestTemplate.java:442)
at stepDefinitions.controller.DeleteProductSteps.delete_all_products(DeleteProductSteps.java:61)
at ✽.Delete all products(file:///C:/STS-WS/ProductsMicroservice/src/test/java/features/controller/delete_Product.feature:12)
]]>
    </failure>
  </testcase> <!-- runScenario -->
</testsuite> <!-- Default test -->
