<?xml version="1.0" encoding="UTF-8"?>
<testng-results ignored="0" total="2" passed="1" failed="1" skipped="0">
  <reporter-output>
  </reporter-output>
  <suite started-at="2025-08-20T15:17:16 IST" name="Default suite" finished-at="2025-08-20T15:17:17 IST" duration-ms="876">
    <groups>
      <group name="cucumber">
        <method signature="AbstractTestNGCucumberTests.runScenario(io.cucumber.testng.PickleWrapper,io.cucumber.testng.FeatureWrapper)[pri:0, instance:runner.TestNGRunner@4a7f959b]" name="runScenario" class="io.cucumber.testng.AbstractTestNGCucumberTests"/>
      </group> <!-- cucumber -->
    </groups>
    <test started-at="2025-08-20T15:17:16 IST" name="Default test" finished-at="2025-08-20T15:17:17 IST" duration-ms="876">
      <class name="runner.TestNGRunner">
        <test-method is-config="true" signature="setUpClass(org.testng.ITestContext)[pri:0, instance:runner.TestNGRunner@4a7f959b]" started-at="2025-08-20T15:17:16 IST" name="setUpClass" finished-at="2025-08-20T15:17:16 IST" duration-ms="238" status="PASS">
          <params>
            <param index="0">
              <value>
                <![CDATA[org.testng.TestRunner@57bd802b]]>
              </value>
            </param>
          </params>
          <reporter-output>
          </reporter-output>
        </test-method> <!-- setUpClass -->
        <test-method signature="runScenario(io.cucumber.testng.PickleWrapper,io.cucumber.testng.FeatureWrapper)[pri:0, instance:runner.TestNGRunner@4a7f959b]" started-at="2025-08-20T15:17:17 IST" name="runScenario" description="Runs Cucumber Scenarios" data-provider="scenarios" finished-at="2025-08-20T15:17:17 IST" duration-ms="550" status="PASS">
          <params>
            <param index="0">
              <value>
                <![CDATA["Delete product by id"]]>
              </value>
            </param>
            <param index="1">
              <value>
                <![CDATA["Delete products"]]>
              </value>
            </param>
          </params>
          <reporter-output>
          </reporter-output>
        </test-method> <!-- runScenario -->
        <test-method signature="runScenario(io.cucumber.testng.PickleWrapper,io.cucumber.testng.FeatureWrapper)[pri:0, instance:runner.TestNGRunner@4a7f959b]" started-at="2025-08-20T15:17:17 IST" name="runScenario" description="Runs Cucumber Scenarios" data-provider="scenarios" finished-at="2025-08-20T15:17:17 IST" duration-ms="32" status="FAIL">
          <params>
            <param index="0">
              <value>
                <![CDATA["Delete all products"]]>
              </value>
            </param>
            <param index="1">
              <value>
                <![CDATA["Delete products"]]>
              </value>
            </param>
          </params>
          <exception class="org.springframework.web.client.HttpClientErrorException$NotFound">
            <message>
              <![CDATA[404  on GET request for "http://localhost:8081/product": "No products available"]]>
            </message>
            <full-stacktrace>
              <![CDATA[org.springframework.web.client.HttpClientErrorException$NotFound: 404  on GET request for "http://localhost:8081/product": "No products available"
at org.springframework.web.client.HttpClientErrorException.create(HttpClientErrorException.java:112)
at org.springframework.web.client.DefaultResponseErrorHandler.handleError(DefaultResponseErrorHandler.java:186)
at org.springframework.web.client.DefaultResponseErrorHandler.handleError(DefaultResponseErrorHandler.java:147)
at org.springframework.web.client.RestTemplate.handleResponse(RestTemplate.java:953)
at org.springframework.web.client.RestTemplate.doExecute(RestTemplate.java:902)
at org.springframework.web.client.RestTemplate.execute(RestTemplate.java:801)
at org.springframework.web.client.RestTemplate.getForEntity(RestTemplate.java:442)
at stepDefinitions.controller.DeleteProductSteps.delete_all_products(DeleteProductSteps.java:61)
at ✽.Delete all products(file:///C:/STS-WS/ProductsMicroservice/src/test/java/features/controller/delete_Product.feature:12)
]]>
            </full-stacktrace>
          </exception> <!-- org.springframework.web.client.HttpClientErrorException$NotFound -->
          <reporter-output>
          </reporter-output>
        </test-method> <!-- runScenario -->
        <test-method is-config="true" signature="tearDownClass()[pri:0, instance:runner.TestNGRunner@4a7f959b]" started-at="2025-08-20T15:17:17 IST" name="tearDownClass" finished-at="2025-08-20T15:17:17 IST" duration-ms="3" status="PASS">
          <reporter-output>
          </reporter-output>
        </test-method> <!-- tearDownClass -->
      </class> <!-- runner.TestNGRunner -->
    </test> <!-- Default test -->
  </suite> <!-- Default suite -->
</testng-results>
