<?xml version="1.0" encoding="UTF-8"?>
<!-- Generated by org.testng.reporters.JUnitReportReporter -->
<testsuite hostname="DESKTOP-I62NE16" failures="0" tests="2" name="runner.TestNGRunner" time="0.582" errors="1" timestamp="2025-08-20T15:17:17 IST" skipped="0">
  <testcase classname="runner.TestNGRunner" name="runScenario" time="0.032">
    <error message="404  on GET request for &quot;http://localhost:8081/product&quot;: &quot;No products available&quot;" type="org.springframework.web.client.HttpClientErrorException$NotFound">
      <![CDATA[org.springframework.web.client.HttpClientErrorException$NotFound: 404  on GET request for "http://localhost:8081/product": "No products available"
at org.springframework.web.client.HttpClientErrorException.create(HttpClientErrorException.java:112)
at org.springframework.web.client.DefaultResponseErrorHandler.handleError(DefaultResponseErrorHandler.java:186)
at org.springframework.web.client.DefaultResponseErrorHandler.handleError(DefaultResponseErrorHandler.java:147)
at org.springframework.web.client.RestTemplate.handleResponse(RestTemplate.java:953)
at org.springframework.web.client.RestTemplate.doExecute(RestTemplate.java:902)
at org.springframework.web.client.RestTemplate.execute(RestTemplate.java:801)
at org.springframework.web.client.RestTemplate.getForEntity(RestTemplate.java:442)
at stepDefinitions.controller.DeleteProductSteps.delete_all_products(DeleteProductSteps.java:61)
at ✽.Delete all products(file:///C:/STS-WS/ProductsMicroservice/src/test/java/features/controller/delete_Product.feature:12)
]]>
    </error>
  </testcase> <!-- runScenario -->
  <testcase classname="runner.TestNGRunner" name="runScenario" time="0.550"/>
</testsuite> <!-- runner.TestNGRunner -->
